2025-03-13 09:08:52,225 - INFO - Logger 'habbo' started.
2025-03-13 09:08:52,284 - WARNING - Habbo's G-Earth Extension running.
2025-03-13 09:17:25,691 - INFO - Logger 'habbo' started.
2025-03-13 09:17:25,754 - WARNING - Habbo's G-Earth Extension running.
2025-03-13 09:18:56,975 - INFO - Logger 'habbo' started.
2025-03-13 09:18:57,033 - WARNING - Habbo's G-Earth Extension running.
2025-03-13 09:22:14,563 - INFO - Logger 'habbo' started.
2025-03-13 09:22:14,624 - WARNING - Habbo's G-Earth Extension running.
2025-03-13 09:22:18,266 - INFO - Message with muted expressions (['lavin']): lavin
2025-03-13 09:22:18,266 - WARNING - Palavras proibidas detectadas: ['lavin']
2025-03-13 09:23:03,721 - INFO - Logger 'habbo' started.
2025-03-13 09:23:03,806 - WARNING - Habbo's G-Earth Extension running.
2025-03-13 09:23:10,395 - WARNING - Message with muted expressions (['lavin']): babao da lavin
2025-03-13 09:23:13,431 - INFO - Command detected: !mute
2025-03-13 09:39:22,179 - INFO - Logger 'habbo' started.
2025-03-13 09:39:22,239 - WARNING - Habbo's G-Earth Extension running.
2025-03-13 09:39:26,093 - WARNING - Message with muted expressions (['lavin']): lavin
2025-03-13 09:39:36,477 - WARNING - Message with muted expressions (['lavin']): lavin
2025-03-13 09:39:40,630 - INFO - Command detected: !mute
2025-03-13 09:44:13,223 - INFO - Logger 'habbo' started.
2025-03-13 09:44:13,368 - INFO - Habbo's G-Earth Extension running.
2025-03-13 09:44:21,530 - INFO - Command detected: !mute
2025-03-13 09:44:25,929 - WARNING - Message with muted expressions (['lavin']): lavin
2025-03-13 09:49:40,351 - INFO - Logger 'habbo' started.
2025-03-13 09:49:40,475 - INFO - Habbo's G-Earth Extension running.
2025-03-13 09:50:33,678 - WARNING - Message with muted expressions (['lavin']): lavin
2025-03-13 09:50:33,678 - INFO - User banned from room
2025-03-13 10:09:30,382 - INFO - Logger 'habbo' started.
2025-03-13 10:09:30,461 - INFO - Habbo's G-Earth Extension running.
2025-03-13 10:12:27,607 - INFO - Logger 'habbo' started.
2025-03-13 10:12:27,679 - INFO - Habbo's G-Earth Extension running.
2025-03-13 10:13:10,715 - INFO - Logger 'habbo' started.
2025-03-13 10:13:10,780 - INFO - Habbo's G-Earth Extension running.
2025-03-13 10:14:08,221 - INFO - Logger 'habbo' started.
2025-03-13 10:14:08,287 - INFO - Habbo's G-Earth Extension running.
2025-03-13 10:15:02,266 - INFO - Logger 'habbo' started.
2025-03-13 10:15:02,318 - INFO - Habbo's G-Earth Extension running.
2025-03-13 10:16:54,276 - INFO - Logger 'habbo' started.
2025-03-13 10:16:54,338 - INFO - Habbo's G-Earth Extension running.
2025-03-13 10:17:43,293 - INFO - Logger 'habbo' started.
2025-03-13 10:17:43,347 - INFO - Habbo's G-Earth Extension running.
2025-03-13 10:18:44,143 - INFO - Logger 'habbo' started.
2025-03-13 10:18:44,211 - INFO - Habbo's G-Earth Extension running.
2025-03-13 10:19:27,103 - INFO - Logger 'habbo' started.
2025-03-13 10:19:27,162 - INFO - Habbo's G-Earth Extension running.
2025-03-13 10:20:51,124 - INFO - Logger 'habbo' started.
2025-03-13 10:20:51,184 - INFO - Habbo's G-Earth Extension running.
2025-03-13 10:21:00,764 - INFO - Logger 'habbo' started.
2025-03-13 10:21:00,821 - INFO - Habbo's G-Earth Extension running.
2025-03-13 10:24:20,631 - INFO - Logger 'habbo' started.
2025-03-13 10:24:20,721 - INFO - Habbo's G-Earth Extension running.
2025-03-13 10:26:51,121 - INFO - Logger 'habbo' started.
2025-03-13 10:26:51,177 - INFO - Habbo's G-Earth Extension running.
2025-03-13 10:27:04,186 - INFO - Logger 'habbo' started.
2025-03-13 10:27:04,242 - INFO - Habbo's G-Earth Extension running.
2025-03-13 10:27:29,988 - INFO - Logger 'habbo' started.
2025-03-13 10:27:30,060 - INFO - Habbo's G-Earth Extension running.
2025-03-13 10:27:59,478 - INFO - Logger 'habbo' started.
2025-03-13 10:27:59,528 - INFO - Habbo's G-Earth Extension running.
2025-03-13 10:28:14,518 - INFO - Logger 'habbo' started.
2025-03-13 10:28:14,571 - INFO - Habbo's G-Earth Extension running.
2025-03-13 10:28:35,526 - INFO - Logger 'habbo' started.
2025-03-13 10:28:35,583 - INFO - Habbo's G-Earth Extension running.
2025-03-13 10:35:44,766 - INFO - Logger 'habbo' started.
2025-03-13 10:35:44,841 - INFO - Habbo's G-Earth Extension running.
2025-03-13 10:39:17,367 - INFO - Logger 'habbo' started.
2025-03-13 10:39:17,446 - INFO - Habbo's G-Earth Extension running.
2025-03-13 10:41:22,943 - INFO - Logger 'habbo' started.
2025-03-13 10:41:23,008 - INFO - Habbo's G-Earth Extension running.
2025-03-13 10:41:33,393 - INFO - Logger 'habbo' started.
2025-03-13 10:41:33,487 - INFO - Habbo's G-Earth Extension running.
2025-03-13 10:42:04,270 - INFO - Logger 'habbo' started.
2025-03-13 10:42:04,368 - INFO - Habbo's G-Earth Extension running.
2025-03-13 10:42:42,785 - INFO - Logger 'habbo' started.
2025-03-13 10:42:42,846 - INFO - Habbo's G-Earth Extension running.
2025-03-13 10:43:13,972 - INFO - Logger 'habbo' started.
2025-03-13 10:43:14,051 - INFO - Habbo's G-Earth Extension running.
2025-03-13 10:44:06,381 - INFO - Logger 'habbo' started.
2025-03-13 10:44:06,438 - INFO - Habbo's G-Earth Extension running.
2025-03-13 10:44:52,977 - INFO - Logger 'habbo' started.
2025-03-13 10:44:53,064 - INFO - Habbo's G-Earth Extension running.
2025-03-13 10:45:45,334 - INFO - Logger 'habbo' started.
2025-03-13 10:45:45,397 - INFO - Habbo's G-Earth Extension running.
2025-03-13 10:45:56,428 - INFO - Logger 'habbo' started.
2025-03-13 10:45:56,502 - INFO - Habbo's G-Earth Extension running.
2025-03-13 10:47:55,671 - INFO - Logger 'habbo' started.
2025-03-13 10:47:55,764 - INFO - Habbo's G-Earth Extension running.
2025-03-13 10:50:01,128 - INFO - Logger 'habbo' started.
2025-03-13 10:50:01,195 - INFO - Habbo's G-Earth Extension running.
2025-03-13 10:50:14,337 - INFO - Logger 'habbo' started.
2025-03-13 10:50:14,428 - INFO - Habbo's G-Earth Extension running.
2025-03-13 10:55:23,921 - INFO - Logger 'habbo' started.
2025-03-13 10:55:24,001 - INFO - Habbo's G-Earth Extension running.
2025-03-13 10:55:47,989 - INFO - Logger 'habbo' started.
2025-03-13 10:55:48,071 - INFO - Habbo's G-Earth Extension running.
2025-03-13 10:57:50,157 - INFO - Logger 'habbo' started.
2025-03-13 10:57:50,289 - INFO - Habbo's G-Earth Extension running.
2025-03-13 10:58:26,441 - INFO - Logger 'habbo' started.
2025-03-13 10:58:26,537 - INFO - Habbo's G-Earth Extension running.
2025-03-13 11:03:14,031 - INFO - Logger 'habbo' started.
2025-03-13 11:03:14,104 - INFO - Habbo's G-Earth Extension running.
2025-03-13 11:05:33,443 - INFO - Logger 'habbo' started.
2025-03-13 11:05:33,514 - INFO - Habbo's G-Earth Extension running.
2025-03-13 11:06:12,383 - INFO - Logger 'habbo' started.
2025-03-13 11:06:12,450 - INFO - Habbo's G-Earth Extension running.
2025-03-13 11:06:42,775 - INFO - Logger 'habbo' started.
2025-03-13 11:06:42,831 - INFO - Habbo's G-Earth Extension running.
2025-03-13 11:07:29,805 - INFO - Logger 'habbo' started.
2025-03-13 11:07:29,863 - INFO - Habbo's G-Earth Extension running.
2025-03-13 11:54:31,021 - INFO - Logger 'habbo' started.
2025-03-13 11:54:31,129 - INFO - Habbo's G-Earth Extension running.
2025-03-13 11:54:36,497 - INFO - User banned from room
2025-03-13 11:55:35,434 - INFO - Logger 'habbo' started.
2025-03-13 11:55:35,499 - INFO - Habbo's G-Earth Extension running.
2025-03-13 11:55:41,245 - WARNING - Message with muted expressions ({'lavin'}): lavin
2025-03-13 11:55:41,245 - INFO - User banned from room
2025-03-13 11:55:51,467 - WARNING - Message with muted expressions ({'core'}): aaaaaa core!
2025-03-13 11:55:51,468 - INFO - User banned from room
2025-03-13 12:05:11,690 - INFO - Logger 'habbo' started.
2025-03-13 12:05:11,806 - INFO - Habbo's G-Earth Extension running.
2025-03-13 12:05:35,850 - INFO - Logger 'habbo' started.
2025-03-13 12:05:35,928 - INFO - Habbo's G-Earth Extension running.
2025-03-13 12:07:41,910 - INFO - Logger 'habbo' started.
2025-03-13 12:07:41,996 - INFO - Habbo's G-Earth Extension running.
2025-03-13 12:07:46,564 - WARNING - Message with muted expressions ({'lavin'}): lavin
2025-03-13 12:15:17,148 - INFO - Logger 'habbo' started.
2025-03-13 12:15:17,236 - INFO - Habbo's G-Earth Extension running.
2025-03-13 12:15:23,450 - WARNING - Message with muted expressions ({'lavin'}): lavin
2025-03-13 12:15:48,852 - INFO - Logger 'habbo' started.
2025-03-13 12:15:48,920 - INFO - Habbo's G-Earth Extension running.
2025-03-13 12:15:56,874 - WARNING - Message with muted expressions ({'lavin'}): lavin
2025-03-13 12:20:10,239 - INFO - Logger 'habbo' started.
2025-03-13 12:20:10,323 - INFO - Habbo's G-Earth Extension running.
2025-03-13 12:20:15,374 - WARNING - Message with muted expressions ({'lavin'}): lavin
2025-03-13 12:20:19,466 - INFO - Logger 'habbo' started.
2025-03-13 12:20:19,534 - INFO - Habbo's G-Earth Extension running.
2025-03-13 12:20:53,436 - WARNING - Message with muted expressions ({'core'}): core
2025-03-13 12:20:58,426 - WARNING - Message with muted expressions ({'core'}): core
2025-03-13 13:56:41,757 - INFO - Logger 'habbo' started.
2025-03-13 13:56:41,852 - INFO - Habbo's G-Earth Extension running.
2025-03-13 13:56:46,704 - WARNING - Message with muted expressions ({'lavin'}): lavin
2025-03-13 13:56:46,704 - INFO - Member Torvi. used muted expression ['lavin'] - lavin
2025-03-13 13:56:52,537 - WARNING - Message with muted expressions ({'core'}): core
2025-03-13 13:57:22,581 - INFO - Logger 'habbo' started.
2025-03-13 13:57:22,657 - INFO - Habbo's G-Earth Extension running.
2025-03-13 13:57:28,450 - WARNING - Message with muted expressions ({'core'}): core
2025-03-13 13:57:28,451 - INFO - User banned from room
2025-03-13 13:58:13,029 - INFO - Logger 'habbo' started.
2025-03-13 13:58:13,095 - INFO - Habbo's G-Earth Extension running.
2025-03-13 13:58:48,241 - WARNING - Message with muted expressions ({'lavin'}): lavin
2025-03-13 13:58:48,242 - INFO - User banned from room
2025-03-13 14:00:38,555 - INFO - Logger 'habbo' started.
2025-03-13 14:00:38,620 - INFO - Habbo's G-Earth Extension running.
2025-03-13 14:00:44,754 - WARNING - Message with muted expressions ({'lavin'}): lavin
2025-03-13 14:00:44,755 - INFO - User banned from room
2025-03-13 14:14:36,926 - INFO - Logger 'habbo' started.
2025-03-13 14:14:37,047 - INFO - Habbo's G-Earth Extension running.
2025-03-13 14:16:27,103 - INFO - Logger 'habbo' started.
2025-03-13 14:16:27,184 - INFO - Habbo's G-Earth Extension running.
2025-03-13 14:16:32,345 - INFO - Command detected: !mute
2025-03-13 14:17:22,402 - INFO - Logger 'habbo' started.
2025-03-13 14:17:22,494 - INFO - Habbo's G-Earth Extension running.
2025-03-13 14:17:25,074 - INFO - Command detected: !mute
2025-03-13 14:17:46,222 - INFO - Command detected: !mute
2025-03-13 14:17:46,223 - WARNING - Message with muted expressions ({'lavin'}): !mute lavin
2025-03-13 14:17:46,224 - WARNING - User rafae9218 banned froom room.
2025-03-13 14:18:00,139 - INFO - Command detected: !mute
2025-03-13 14:18:08,208 - INFO - Command detected: !mute
2025-03-13 14:18:18,558 - INFO - Command detected: !mute
2025-03-13 14:18:43,431 - INFO - Command detected: !mute
2025-03-13 14:18:47,420 - INFO - Logger 'habbo' started.
2025-03-13 14:18:47,488 - INFO - Habbo's G-Earth Extension running.
2025-03-13 14:18:54,653 - INFO - Command detected: !mute
2025-03-13 14:20:04,882 - INFO - Logger 'habbo' started.
2025-03-13 14:20:04,956 - INFO - Habbo's G-Earth Extension running.
2025-03-13 14:20:14,956 - INFO - Command detected: !mute
2025-03-13 14:20:56,846 - INFO - Logger 'habbo' started.
2025-03-13 14:20:56,925 - INFO - Habbo's G-Earth Extension running.
2025-03-13 14:21:01,030 - INFO - Command detected: !mute
2025-03-13 14:22:05,632 - INFO - Logger 'habbo' started.
2025-03-13 14:22:05,705 - INFO - Habbo's G-Earth Extension running.
2025-03-13 14:22:08,990 - INFO - Command detected: !mute
2025-03-13 14:26:12,017 - INFO - Logger 'habbo' started.
2025-03-13 14:26:12,104 - INFO - Habbo's G-Earth Extension running.
2025-03-13 14:26:19,872 - WARNING - Message with muted expressions ({'lavin'}): lavin
2025-03-13 14:26:19,873 - WARNING - User rafae9218 banned froom room.
2025-03-13 14:31:19,745 - INFO - Logger 'habbo' started.
2025-03-13 14:31:19,864 - INFO - Habbo's G-Earth Extension running.
2025-03-13 14:31:46,137 - INFO - Logger 'habbo' started.
2025-03-13 14:31:46,219 - INFO - Habbo's G-Earth Extension running.
2025-03-13 14:32:19,229 - INFO - Logger 'habbo' started.
2025-03-13 14:32:19,316 - INFO - Habbo's G-Earth Extension running.
2025-03-13 14:32:26,581 - WARNING - Message with muted expressions ({'oi'}): oi
2025-03-13 14:32:26,581 - WARNING - User rafae9218 banned froom room.
2025-03-13 14:32:37,233 - INFO - Logger 'habbo' started.
2025-03-13 14:32:37,302 - INFO - Habbo's G-Earth Extension running.
2025-03-13 14:34:50,761 - INFO - Logger 'habbo' started.
2025-03-13 14:34:50,852 - INFO - Habbo's G-Earth Extension running.
2025-03-13 14:35:42,839 - INFO - Logger 'habbo' started.
2025-03-13 14:35:42,912 - INFO - Habbo's G-Earth Extension running.
2025-03-13 14:40:15,735 - INFO - Logger 'habbo' started.
2025-03-13 14:40:15,825 - INFO - Habbo's G-Earth Extension running.
2025-03-13 14:40:31,156 - INFO - Command detected: !unmute
2025-03-13 14:40:31,159 - WARNING - Message with muted expressions ({'oi'}): !unmute oi
2025-03-13 14:40:31,160 - WARNING - User rafae9218 banned froom room.
2025-03-13 14:40:45,482 - INFO - Command detected: !unmute
2025-03-13 14:40:45,486 - WARNING - Message with muted expressions ({'oi'}): !unmute oi
2025-03-13 14:40:45,487 - INFO - Member Torvi. used muted expression ['oi'] - !unmute oi
2025-03-13 14:42:12,666 - INFO - Logger 'habbo' started.
2025-03-13 14:42:12,739 - INFO - Habbo's G-Earth Extension running.
2025-03-13 14:42:39,028 - INFO - Logger 'habbo' started.
2025-03-13 14:42:39,099 - INFO - Habbo's G-Earth Extension running.
2025-03-13 14:42:45,891 - INFO - Command detected: !unmute
2025-03-13 14:43:32,587 - INFO - Command detected: !unmute
2025-03-13 14:47:08,078 - WARNING - Message with muted expressions ({'teste'}): teste
2025-03-13 14:47:08,079 - WARNING - User rafae9218 banned froom room.
2025-03-13 14:47:37,218 - INFO - Command detected: !mute
2025-03-13 14:47:37,222 - WARNING - Message with muted expressions ({'core'}): !mute core
2025-03-13 14:47:37,223 - INFO - Member Torvi. used muted expression ['core'] - !mute core
2025-03-13 14:47:40,802 - WARNING - Message with muted expressions ({'core'}): core ruim
2025-03-13 14:47:40,803 - WARNING - User rafae9218 banned froom room.
2025-03-13 14:48:39,482 - INFO - Command detected: !mute
2025-03-13 14:48:39,490 - WARNING - Message with muted expressions ({'lavin'}): !mute lavin
2025-03-13 14:48:39,491 - INFO - Member Torvi. used muted expression ['lavin'] - !mute lavin
2025-03-13 14:48:42,596 - WARNING - Message with muted expressions ({'lavin'}): lavin sla oq
2025-03-13 14:48:42,596 - WARNING - User rafae9218 banned froom room.
2025-03-13 14:48:55,254 - INFO - Command detected: !unmute
2025-03-13 15:12:09,848 - INFO - Logger 'habbo' started.
2025-03-13 15:12:09,960 - INFO - Habbo's G-Earth Extension running.
2025-03-13 15:13:53,633 - INFO - Logger 'habbo' started.
2025-03-13 15:13:53,723 - INFO - Habbo's G-Earth Extension running.
2025-03-13 15:14:16,670 - INFO - Logger 'habbo' started.
2025-03-13 15:14:16,748 - INFO - Habbo's G-Earth Extension running.
2025-03-13 15:15:17,051 - INFO - Logger 'habbo' started.
2025-03-13 15:15:17,125 - INFO - Habbo's G-Earth Extension running.
2025-03-13 15:15:44,654 - INFO - Logger 'habbo' started.
2025-03-13 15:15:44,729 - INFO - Habbo's G-Earth Extension running.
2025-03-13 15:15:59,544 - INFO - Logger 'habbo' started.
2025-03-13 15:15:59,618 - INFO - Habbo's G-Earth Extension running.
2025-03-13 15:17:16,447 - INFO - Logger 'habbo' started.
2025-03-13 15:17:16,533 - INFO - Habbo's G-Earth Extension running.
2025-03-13 15:18:14,421 - INFO - Logger 'habbo' started.
2025-03-13 15:18:14,494 - INFO - Habbo's G-Earth Extension running.
2025-03-13 15:18:17,849 - INFO - Logger 'habbo' started.
2025-03-13 15:18:17,920 - INFO - Habbo's G-Earth Extension running.
2025-03-13 15:18:58,870 - INFO - Logger 'habbo' started.
2025-03-13 15:18:58,951 - INFO - Habbo's G-Earth Extension running.
2025-03-13 15:19:24,024 - INFO - Logger 'habbo' started.
2025-03-13 15:19:24,102 - INFO - Habbo's G-Earth Extension running.
2025-03-13 15:20:23,882 - INFO - Logger 'habbo' started.
2025-03-13 15:20:23,963 - INFO - Habbo's G-Earth Extension running.
2025-03-13 15:20:56,643 - INFO - Logger 'habbo' started.
2025-03-13 15:20:56,714 - INFO - Habbo's G-Earth Extension running.
2025-03-13 15:21:12,119 - INFO - Logger 'habbo' started.
2025-03-13 15:21:12,187 - INFO - Habbo's G-Earth Extension running.
2025-03-13 15:21:19,557 - INFO - Spam
2025-03-13 15:21:19,557 - WARNING - User rafae9218 muted
2025-03-13 15:23:11,857 - INFO - Spam
2025-03-13 15:23:11,858 - WARNING - User rafae9218 muted
2025-03-13 15:24:13,604 - INFO - Spam
2025-03-13 15:24:13,605 - WARNING - User rafae9218 muted
2025-03-13 15:24:26,687 - INFO - Logger 'habbo' started.
2025-03-13 15:24:26,768 - INFO - Habbo's G-Earth Extension running.
2025-03-13 15:24:59,389 - INFO - Logger 'habbo' started.
2025-03-13 15:24:59,461 - INFO - Habbo's G-Earth Extension running.
2025-03-13 15:25:43,896 - INFO - Spam
2025-03-13 15:25:43,897 - WARNING - User rafae9218 muted
2025-03-13 15:31:52,968 - INFO - Logger 'habbo' started.
2025-03-13 15:31:53,047 - INFO - Habbo's G-Earth Extension running.
2025-03-13 15:32:03,346 - WARNING - User rafae9218 muted
2025-03-13 15:34:10,285 - INFO - Logger 'habbo' started.
2025-03-13 15:34:10,388 - INFO - Habbo's G-Earth Extension running.
2025-03-13 15:34:25,801 - WARNING - User rafae9218 muted - labuta labuta labuta labuta labuta labuta labuta labuta labuta labuta labuta
2025-03-13 15:46:59,982 - INFO - Logger 'habbo' started.
2025-03-13 15:47:00,072 - INFO - Habbo's G-Earth Extension running.
2025-03-13 15:48:06,234 - INFO - Logger 'habbo' started.
2025-03-13 15:48:06,306 - INFO - Habbo's G-Earth Extension running.
2025-03-13 15:48:55,622 - INFO - Logger 'habbo' started.
2025-03-13 15:48:55,707 - INFO - Habbo's G-Earth Extension running.
2025-03-13 15:49:15,941 - INFO - Logger 'habbo' started.
2025-03-13 15:49:16,043 - INFO - Habbo's G-Earth Extension running.
2025-03-13 15:49:29,014 - INFO - Logger 'habbo' started.
2025-03-13 15:49:29,106 - INFO - Habbo's G-Earth Extension running.
2025-03-13 15:50:07,751 - INFO - Logger 'habbo' started.
2025-03-13 15:50:07,857 - INFO - Habbo's G-Earth Extension running.
2025-03-13 17:33:32,970 - INFO - Logger 'habbo' started.
2025-03-13 17:33:33,528 - INFO - Habbo's G-Earth Extension running.
2025-03-13 17:41:22,775 - INFO - Logger 'habbo' started.
2025-03-13 17:41:23,342 - INFO - Habbo's G-Earth Extension running.
2025-03-13 17:41:47,841 - INFO - Logger 'habbo' started.
2025-03-13 17:41:48,396 - INFO - Habbo's G-Earth Extension running.
2025-03-13 17:42:51,874 - INFO - Logger 'habbo' started.
2025-03-13 17:42:52,369 - INFO - Habbo's G-Earth Extension running.
2025-03-13 17:43:34,778 - INFO - Logger 'habbo' started.
2025-03-13 17:43:35,306 - INFO - Habbo's G-Earth Extension running.
2025-03-13 17:46:41,991 - INFO - Logger 'habbo' started.
2025-03-13 17:46:42,566 - INFO - Habbo's G-Earth Extension running.
2025-03-13 17:46:58,087 - WARNING - Message with muted expressions ({'oi'}): oi
2025-03-13 17:47:22,686 - INFO - Logger 'habbo' started.
2025-03-13 17:47:23,190 - INFO - Habbo's G-Earth Extension running.
2025-03-13 17:47:26,878 - WARNING - Message with muted expressions ({'oi'}): oi
2025-03-13 17:47:26,879 - INFO - Member Torvi. used muted expression ['oi'] - oi
2025-03-13 17:48:16,303 - INFO - Logger 'habbo' started.
2025-03-13 17:48:16,811 - INFO - Habbo's G-Earth Extension running.
2025-03-13 17:48:19,866 - WARNING - Message with muted expressions ({'oi'}): oi
2025-03-13 17:48:23,195 - INFO - Logger 'habbo' started.
2025-03-13 17:48:23,703 - INFO - Habbo's G-Earth Extension running.
2025-03-13 17:48:32,656 - WARNING - Message with muted expressions ({'oi'}): oi
2025-03-13 17:48:32,656 - INFO - Member Torvi. used muted expression ['oi'] - oi
2025-03-13 17:58:43,780 - INFO - Logger 'habbo' started.
2025-03-13 17:58:57,361 - INFO - Logger 'habbo' started.
2025-03-13 17:58:57,912 - INFO - Habbo's G-Earth Extension running.
2025-03-13 18:08:34,860 - INFO - Logger 'habbo' started.
2025-03-13 18:08:35,383 - INFO - Habbo's G-Earth Extension running.
2025-03-13 18:09:16,005 - INFO - Logger 'habbo' started.
2025-03-13 18:09:16,534 - INFO - Habbo's G-Earth Extension running.
2025-03-13 18:11:21,523 - INFO - Logger 'habbo' started.
2025-03-13 18:11:22,046 - INFO - Habbo's G-Earth Extension running.
2025-03-13 18:11:35,483 - INFO - Logger 'habbo' started.
2025-03-13 18:11:35,993 - INFO - Habbo's G-Earth Extension running.
2025-03-13 18:12:48,435 - INFO - Logger 'habbo' started.
2025-03-13 18:12:48,937 - INFO - Habbo's G-Earth Extension running.
2025-03-13 18:13:07,850 - INFO - Logger 'habbo' started.
2025-03-13 18:13:08,360 - INFO - Habbo's G-Earth Extension running.
2025-03-13 18:29:28,160 - INFO - Logger 'habbo' started.
2025-03-13 18:31:04,370 - INFO - Logger 'habbo' started.
2025-03-13 18:31:04,948 - INFO - Habbo's G-Earth Extension running.
2025-03-13 18:31:14,961 - WARNING - Message with muted expressions ({'ala'}): ala
2025-03-13 18:31:14,961 - WARNING - User rafae9218 banned froom room.
2025-03-13 18:35:23,058 - INFO - Logger 'habbo' started.
2025-03-13 18:35:23,645 - INFO - Habbo's G-Earth Extension running.
2025-03-13 18:35:53,750 - INFO - Logger 'habbo' started.
2025-03-13 18:35:54,385 - INFO - Habbo's G-Earth Extension running.
2025-03-13 18:37:11,440 - INFO - Logger 'habbo' started.
2025-03-13 18:37:12,046 - INFO - Habbo's G-Earth Extension running.
2025-03-13 18:44:06,703 - INFO - Logger 'habbo' started.
2025-03-13 18:44:07,284 - INFO - Habbo's G-Earth Extension running.
2025-03-13 18:44:19,917 - INFO - Logger 'habbo' started.
2025-03-13 18:44:20,435 - INFO - Habbo's G-Earth Extension running.
2025-03-13 18:49:52,522 - INFO - Logger 'habbo' started.
2025-03-13 18:49:53,043 - INFO - Habbo's G-Earth Extension running.
2025-03-13 18:50:21,679 - INFO - Logger 'habbo' started.
2025-03-13 18:50:22,186 - INFO - Habbo's G-Earth Extension running.
2025-03-13 18:51:08,045 - INFO - Logger 'habbo' started.
2025-03-13 18:51:08,600 - INFO - Habbo's G-Earth Extension running.
2025-03-13 18:53:24,821 - INFO - Logger 'habbo' started.
2025-03-13 18:53:25,337 - INFO - Habbo's G-Earth Extension running.
2025-03-13 18:54:02,350 - INFO - Logger 'habbo' started.
2025-03-13 18:54:02,857 - INFO - Habbo's G-Earth Extension running.
2025-03-13 18:54:15,856 - INFO - Logger 'habbo' started.
2025-03-13 18:54:16,384 - INFO - Habbo's G-Earth Extension running.
2025-03-13 18:54:53,510 - INFO - Logger 'habbo' started.
2025-03-13 18:54:54,050 - INFO - Habbo's G-Earth Extension running.
2025-03-13 18:55:20,830 - INFO - Logger 'habbo' started.
2025-03-13 18:55:21,359 - INFO - Habbo's G-Earth Extension running.
2025-03-13 18:57:58,085 - INFO - Logger 'habbo' started.
2025-03-13 18:57:58,585 - INFO - Habbo's G-Earth Extension running.
2025-03-13 19:00:17,580 - INFO - Logger 'habbo' started.
2025-03-13 19:00:18,109 - INFO - Habbo's G-Earth Extension running.
2025-03-13 19:01:13,219 - INFO - Logger 'habbo' started.
2025-03-13 19:01:13,743 - INFO - Habbo's G-Earth Extension running.
2025-03-13 19:02:52,696 - INFO - Logger 'habbo' started.
2025-03-13 19:02:53,210 - INFO - Habbo's G-Earth Extension running.
2025-03-13 19:04:46,436 - INFO - Logger 'habbo' started.
2025-03-13 19:04:46,977 - INFO - Habbo's G-Earth Extension running.
2025-03-13 19:05:28,905 - INFO - Logger 'habbo' started.
2025-03-13 19:05:29,425 - INFO - Habbo's G-Earth Extension running.
2025-03-13 19:16:05,857 - INFO - Logger 'habbo' started.
2025-03-13 19:16:21,756 - INFO - Logger 'habbo' started.
2025-03-13 19:16:22,285 - INFO - Habbo's G-Earth Extension running.
2025-03-13 19:29:07,315 - INFO - Logger 'habbo' started.
2025-03-13 19:29:07,881 - INFO - Habbo's G-Earth Extension running.
2025-03-13 19:30:35,237 - INFO - Logger 'habbo' started.
2025-03-13 19:30:35,796 - INFO - Habbo's G-Earth Extension running.
2025-03-13 19:34:50,709 - INFO - Logger 'habbo' started.
2025-03-13 19:34:51,276 - INFO - Habbo's G-Earth Extension running.
2025-03-13 19:38:32,161 - INFO - Logger 'habbo' started.
2025-03-13 19:39:19,285 - INFO - Logger 'habbo' started.
2025-03-13 19:39:19,794 - INFO - Habbo's G-Earth Extension running.
2025-03-13 19:42:00,590 - INFO - Logger 'habbo' started.
2025-03-13 19:42:01,086 - INFO - Habbo's G-Earth Extension running.
2025-03-13 19:51:06,175 - INFO - Logger 'habbo' started.
2025-03-13 19:51:06,765 - INFO - Habbo's G-Earth Extension running.
2025-03-13 19:51:37,159 - INFO - Logger 'habbo' started.
2025-03-13 19:51:37,708 - INFO - Habbo's G-Earth Extension running.
2025-03-13 19:55:18,538 - INFO - Logger 'habbo' started.
2025-03-13 19:55:19,106 - INFO - Habbo's G-Earth Extension running.
2025-03-13 19:56:36,102 - INFO - Command detected: !mute
2025-03-13 19:56:43,609 - INFO - Logger 'habbo' started.
2025-03-13 19:56:44,153 - INFO - Habbo's G-Earth Extension running.
2025-03-13 19:56:48,978 - INFO - Command detected: !mute
2025-03-13 19:57:36,381 - INFO - Logger 'habbo' started.
2025-03-13 19:57:36,936 - INFO - Habbo's G-Earth Extension running.
2025-03-13 19:57:53,323 - INFO - Command detected: !mute
2025-03-13 19:57:53,329 - WARNING - Message with muted expressions ({'teste'}): !mute teste
2025-03-13 19:57:53,330 - INFO - Member Torvi. used muted expression ['teste'] - !mute teste
2025-03-13 19:57:56,031 - WARNING - Message with muted expressions ({'teste'}): teste
2025-03-13 19:57:56,032 - WARNING - User hyrs12alice banned froom room.
2025-03-13 19:59:12,600 - WARNING - Message with muted expressions ({'alow'}): alow
2025-03-13 19:59:12,601 - WARNING - User hyrs12alice banned froom room.
2025-03-13 19:59:24,537 - WARNING - Message with muted expressions ({'alow'}): oioi alow
2025-03-13 19:59:24,537 - WARNING - User hyrs12alice banned froom room.
2025-03-13 20:04:24,899 - INFO - Logger 'habbo' started.
2025-03-13 20:04:25,574 - INFO - Habbo's G-Earth Extension running.
2025-03-13 20:04:29,353 - WARNING - Message with muted expressions ({'alow'}): alow
2025-03-13 20:04:29,353 - WARNING - User hyrs12alice banned froom room.
2025-03-13 20:05:41,328 - INFO - Logger 'habbo' started.
2025-03-13 20:05:41,847 - INFO - Habbo's G-Earth Extension running.
2025-03-13 20:05:46,286 - WARNING - Message with muted expressions (['alow']): alow
2025-03-13 20:05:46,286 - WARNING - User hyrs12alice banned froom room.
2025-03-13 20:06:12,741 - WARNING - Message with muted expressions (['gamer']): oi Gamer
2025-03-13 20:06:12,741 - WARNING - User hyrs12alice banned froom room.
2025-03-13 20:06:17,614 - WARNING - Message with muted expressions (['gamer']): oi Gamer
2025-03-13 20:06:17,614 - WARNING - User hyrs12alice banned froom room.
2025-03-13 20:06:45,388 - WARNING - Message with muted expressions (['gamer\\ apeludo']): Gamer Apeludo
2025-03-13 20:06:45,389 - WARNING - User hyrs12alice banned froom room.
2025-03-13 20:07:06,479 - WARNING - Message with muted expressions (['gamer\\ apeludo']): Procurem Gamer apeludo
2025-03-13 20:07:06,480 - WARNING - User hyrs12alice banned froom room.
